<?xml version="1.0" encoding="UTF-8"?>
<testsuite name="jacocodemo.GradeCalculatorTest" tests="4" skipped="0" failures="0" errors="0" timestamp="2026-08-11T01:51:07.754Z" hostname="DESKTOP-A6S5CCH" time="0.035">
  <properties/>
  <testcase name="scoreAtBoundaryReturnsA()" classname="jacocodemo.GradeCalculatorTest" time="0.032"/>
  <testcase name="scoreAboveBoundaryReturnsA()" classname="jacocodemo.GradeCalculatorTest" time="0.001"/>
  <testcase name="scoreInBRangeReturnsB()" classname="jacocodemo.GradeCalculatorTest" time="0.0"/>
  <testcase name="lowScoreReturnsF()" classname="jacocodemo.GradeCalculatorTest" time="0.0"/>
  <system-out><![CDATA[]]></system-out>
  <system-err><![CDATA[]]></system-err>
</testsuite>
