<?xml version="1.0" encoding="UTF-8"?>
<testsuite name="jacocodemo.GradeCalculatorTest" tests="4" skipped="0" failures="0" errors="0" timestamp="2026-08-10T11:29:15.517Z" hostname="MITCHELL_LAPTOP" time="0.08">
  <properties/>
  <testcase name="scoreAtBoundaryReturnsA()" classname="jacocodemo.GradeCalculatorTest" time="0.065"/>
  <testcase name="scoreAboveBoundaryReturnsA()" classname="jacocodemo.GradeCalculatorTest" time="0.003"/>
  <testcase name="scoreInBRangeReturnsB()" classname="jacocodemo.GradeCalculatorTest" time="0.002"/>
  <testcase name="lowScoreReturnsF()" classname="jacocodemo.GradeCalculatorTest" time="0.002"/>
  <system-out><![CDATA[]]></system-out>
  <system-err><![CDATA[]]></system-err>
</testsuite>
